127.0.0.1 - - [03/Aug/2018:09:11:22 +0800] "GET / HTTP/1.1" 200 115 - "Mozilla/5.0 (X11; Linux x86_64) AppleWebKit/537.36 (KHTML, like Gecko) Chrome/67.0.3396.87 Safari/537.36"
127.0.0.1 - - [03/Aug/2018:09:11:23 +0800] "GET /js/lib.js HTTP/1.1" 200 43358 "http://localhost:8000/" "Mozilla/5.0 (X11; Linux x86_64) AppleWebKit/537.36 (KHTML, like Gecko) Chrome/67.0.3396.87 Safari/537.36"
127.0.0.1 - - [03/Aug/2018:09:11:23 +0800] "GET /js/rts.js HTTP/1.1" 200 99958 "http://localhost:8000/" "Mozilla/5.0 (X11; Linux x86_64) AppleWebKit/537.36 (KHTML, like Gecko) Chrome/67.0.3396.87 Safari/537.36"
127.0.0.1 - - [03/Aug/2018:09:11:23 +0800] "GET /js/app.js HTTP/1.1" 200 457994 "http://localhost:8000/" "Mozilla/5.0 (X11; Linux x86_64) AppleWebKit/537.36 (KHTML, like Gecko) Chrome/67.0.3396.87 Safari/537.36"
127.0.0.1 - - [03/Aug/2018:09:11:24 +0800] "GET /favicon.ico HTTP/1.1" 404 209 "http://localhost:8000/" "Mozilla/5.0 (X11; Linux x86_64) AppleWebKit/537.36 (KHTML, like Gecko) Chrome/67.0.3396.87 Safari/537.36"
127.0.0.1 - - [03/Aug/2018:09:11:51 +0800] "POST /upload HTTP/1.1" 200 5 "http://localhost:8000/" "Mozilla/5.0 (X11; Linux x86_64) AppleWebKit/537.36 (KHTML, like Gecko) Chrome/67.0.3396.87 Safari/537.36"
127.0.0.1 - - [03/Aug/2018:16:00:34 +0800] "GET /upload HTTP/1.1" 404 204 - "curl/7.60.0"
127.0.0.1 - - [03/Aug/2018:16:00:37 +0800] "GET / HTTP/1.1" 200 180 - "curl/7.60.0"
127.0.0.1 - - [03/Aug/2018:16:00:42 +0800] "GET /upload/ HTTP/1.1" 404 205 - "curl/7.60.0"
127.0.0.1 - - [03/Aug/2018:16:02:52 +0800] "GET / HTTP/1.1" 200 115 - "Mozilla/5.0 (X11; Linux x86_64) AppleWebKit/537.36 (KHTML, like Gecko) Chrome/67.0.3396.87 Safari/537.36"
127.0.0.1 - - [03/Aug/2018:16:02:53 +0800] "GET /js/rts.js HTTP/1.1" 200 99958 "http://0.0.0.0:8000/" "Mozilla/5.0 (X11; Linux x86_64) AppleWebKit/537.36 (KHTML, like Gecko) Chrome/67.0.3396.87 Safari/537.36"
127.0.0.1 - - [03/Aug/2018:16:02:53 +0800] "GET /js/lib.js HTTP/1.1" 200 43358 "http://0.0.0.0:8000/" "Mozilla/5.0 (X11; Linux x86_64) AppleWebKit/537.36 (KHTML, like Gecko) Chrome/67.0.3396.87 Safari/537.36"
127.0.0.1 - - [03/Aug/2018:16:02:53 +0800] "GET /js/app.js HTTP/1.1" 200 457994 "http://0.0.0.0:8000/" "Mozilla/5.0 (X11; Linux x86_64) AppleWebKit/537.36 (KHTML, like Gecko) Chrome/67.0.3396.87 Safari/537.36"
127.0.0.1 - - [03/Aug/2018:16:02:54 +0800] "GET /favicon.ico HTTP/1.1" 404 209 "http://0.0.0.0:8000/" "Mozilla/5.0 (X11; Linux x86_64) AppleWebKit/537.36 (KHTML, like Gecko) Chrome/67.0.3396.87 Safari/537.36"
::1 - - [03/Aug/2018:16:12:21 +0800] "GET / HTTP/1.1" 200 115 - "Mozilla/5.0 (X11; Linux x86_64) AppleWebKit/537.36 (KHTML, like Gecko) Chrome/67.0.3396.87 Safari/537.36"
::1 - - [03/Aug/2018:16:12:21 +0800] "GET /js/rts.js HTTP/1.1" 200 99958 "http://localhost:8001/" "Mozilla/5.0 (X11; Linux x86_64) AppleWebKit/537.36 (KHTML, like Gecko) Chrome/67.0.3396.87 Safari/537.36"
::1 - - [03/Aug/2018:16:12:21 +0800] "GET /js/lib.js HTTP/1.1" 200 43358 "http://localhost:8001/" "Mozilla/5.0 (X11; Linux x86_64) AppleWebKit/537.36 (KHTML, like Gecko) Chrome/67.0.3396.87 Safari/537.36"
::1 - - [03/Aug/2018:16:12:22 +0800] "GET /js/app.js HTTP/1.1" 200 457994 "http://localhost:8001/" "Mozilla/5.0 (X11; Linux x86_64) AppleWebKit/537.36 (KHTML, like Gecko) Chrome/67.0.3396.87 Safari/537.36"
::1 - - [03/Aug/2018:16:12:23 +0800] "GET /favicon.ico HTTP/1.1" 404 209 "http://localhost:8001/" "Mozilla/5.0 (X11; Linux x86_64) AppleWebKit/537.36 (KHTML, like Gecko) Chrome/67.0.3396.87 Safari/537.36"
::1 - - [03/Aug/2018:17:42:46 +0800] "GET / HTTP/1.1" 200 154 - "Mozilla/5.0 (X11; Linux x86_64) AppleWebKit/537.36 (KHTML, like Gecko) Chrome/67.0.3396.87 Safari/537.36"
::1 - - [03/Aug/2018:17:42:46 +0800] "GET /runmain.js HTTP/1.1" 200 57 "http://localhost:8001/" "Mozilla/5.0 (X11; Linux x86_64) AppleWebKit/537.36 (KHTML, like Gecko) Chrome/67.0.3396.87 Safari/537.36"
::1 - - [03/Aug/2018:17:42:46 +0800] "GET /lib.js HTTP/1.1" 200 43358 "http://localhost:8001/" "Mozilla/5.0 (X11; Linux x86_64) AppleWebKit/537.36 (KHTML, like Gecko) Chrome/67.0.3396.87 Safari/537.36"
::1 - - [03/Aug/2018:17:42:46 +0800] "GET /rts.js HTTP/1.1" 200 99958 "http://localhost:8001/" "Mozilla/5.0 (X11; Linux x86_64) AppleWebKit/537.36 (KHTML, like Gecko) Chrome/67.0.3396.87 Safari/537.36"
::1 - - [03/Aug/2018:17:42:47 +0800] "GET /out.js HTTP/1.1" 200 790044 "http://localhost:8001/" "Mozilla/5.0 (X11; Linux x86_64) AppleWebKit/537.36 (KHTML, like Gecko) Chrome/67.0.3396.87 Safari/537.36"
::1 - - [03/Aug/2018:17:42:56 +0800] "POST /upload HTTP/1.1" 200 5 "http://localhost:8001/" "Mozilla/5.0 (X11; Linux x86_64) AppleWebKit/537.36 (KHTML, like Gecko) Chrome/67.0.3396.87 Safari/537.36"
::1 - - [04/Aug/2018:06:54:58 +0800] "GET / HTTP/1.1" 200 154 - "Mozilla/5.0 (X11; Linux x86_64) AppleWebKit/537.36 (KHTML, like Gecko) Chrome/67.0.3396.87 Safari/537.36"
::1 - - [04/Aug/2018:06:54:58 +0800] "GET /lib.js HTTP/1.1" 200 43358 "http://localhost:8001/" "Mozilla/5.0 (X11; Linux x86_64) AppleWebKit/537.36 (KHTML, like Gecko) Chrome/67.0.3396.87 Safari/537.36"
::1 - - [04/Aug/2018:06:54:58 +0800] "GET /rts.js HTTP/1.1" 200 99958 "http://localhost:8001/" "Mozilla/5.0 (X11; Linux x86_64) AppleWebKit/537.36 (KHTML, like Gecko) Chrome/67.0.3396.87 Safari/537.36"
::1 - - [04/Aug/2018:06:54:58 +0800] "GET /runmain.js HTTP/1.1" 200 57 "http://localhost:8001/" "Mozilla/5.0 (X11; Linux x86_64) AppleWebKit/537.36 (KHTML, like Gecko) Chrome/67.0.3396.87 Safari/537.36"
::1 - - [04/Aug/2018:06:54:58 +0800] "GET /out.js HTTP/1.1" 200 779745 "http://localhost:8001/" "Mozilla/5.0 (X11; Linux x86_64) AppleWebKit/537.36 (KHTML, like Gecko) Chrome/67.0.3396.87 Safari/537.36"
::1 - - [04/Aug/2018:06:55:01 +0800] "GET /favicon.ico HTTP/1.1" 404 209 "http://localhost:8001/" "Mozilla/5.0 (X11; Linux x86_64) AppleWebKit/537.36 (KHTML, like Gecko) Chrome/67.0.3396.87 Safari/537.36"
::1 - - [04/Aug/2018:06:55:06 +0800] "GET /getint HTTP/1.1" 200 35 "http://localhost:8001/" "Mozilla/5.0 (X11; Linux x86_64) AppleWebKit/537.36 (KHTML, like Gecko) Chrome/67.0.3396.87 Safari/537.36"
::1 - - [04/Aug/2018:06:55:12 +0800] "GET /getlocations HTTP/1.1" 500 127 "http://localhost:8001/" "Mozilla/5.0 (X11; Linux x86_64) AppleWebKit/537.36 (KHTML, like Gecko) Chrome/67.0.3396.87 Safari/537.36"
::1 - - [04/Aug/2018:06:55:21 +0800] "GET /getlist HTTP/1.1" 500 120 "http://localhost:8001/" "Mozilla/5.0 (X11; Linux x86_64) AppleWebKit/537.36 (KHTML, like Gecko) Chrome/67.0.3396.87 Safari/537.36"
::1 - - [04/Aug/2018:06:55:28 +0800] "GET /getint HTTP/1.1" 200 35 "http://localhost:8001/" "Mozilla/5.0 (X11; Linux x86_64) AppleWebKit/537.36 (KHTML, like Gecko) Chrome/67.0.3396.87 Safari/537.36"
::1 - - [04/Aug/2018:06:55:29 +0800] "GET /getlist HTTP/1.1" 500 120 "http://localhost:8001/" "Mozilla/5.0 (X11; Linux x86_64) AppleWebKit/537.36 (KHTML, like Gecko) Chrome/67.0.3396.87 Safari/537.36"
::1 - - [04/Aug/2018:06:55:37 +0800] "GET /getdistricts HTTP/1.1" 500 122 "http://localhost:8001/" "Mozilla/5.0 (X11; Linux x86_64) AppleWebKit/537.36 (KHTML, like Gecko) Chrome/67.0.3396.87 Safari/537.36"
::1 - - [04/Aug/2018:06:55:45 +0800] "GET /getint HTTP/1.1" 200 35 "http://localhost:8001/" "Mozilla/5.0 (X11; Linux x86_64) AppleWebKit/537.36 (KHTML, like Gecko) Chrome/67.0.3396.87 Safari/537.36"
::1 - - [04/Aug/2018:06:55:45 +0800] "GET /getlist HTTP/1.1" 500 120 "http://localhost:8001/" "Mozilla/5.0 (X11; Linux x86_64) AppleWebKit/537.36 (KHTML, like Gecko) Chrome/67.0.3396.87 Safari/537.36"
::1 - - [04/Aug/2018:06:55:46 +0800] "GET /getdistricts HTTP/1.1" 500 122 "http://localhost:8001/" "Mozilla/5.0 (X11; Linux x86_64) AppleWebKit/537.36 (KHTML, like Gecko) Chrome/67.0.3396.87 Safari/537.36"
::1 - - [04/Aug/2018:06:55:46 +0800] "GET /getlocations HTTP/1.1" 500 127 "http://localhost:8001/" "Mozilla/5.0 (X11; Linux x86_64) AppleWebKit/537.36 (KHTML, like Gecko) Chrome/67.0.3396.87 Safari/537.36"
::1 - - [04/Aug/2018:06:55:47 +0800] "GET /getlocations HTTP/1.1" 500 127 "http://localhost:8001/" "Mozilla/5.0 (X11; Linux x86_64) AppleWebKit/537.36 (KHTML, like Gecko) Chrome/67.0.3396.87 Safari/537.36"
::1 - - [04/Aug/2018:06:57:14 +0800] "GET / HTTP/1.1" 200 154 - "Mozilla/5.0 (X11; Linux x86_64) AppleWebKit/537.36 (KHTML, like Gecko) Chrome/67.0.3396.87 Safari/537.36"
::1 - - [04/Aug/2018:06:57:14 +0800] "GET /runmain.js HTTP/1.1" 200 57 "http://localhost:8001/" "Mozilla/5.0 (X11; Linux x86_64) AppleWebKit/537.36 (KHTML, like Gecko) Chrome/67.0.3396.87 Safari/537.36"
::1 - - [04/Aug/2018:06:57:14 +0800] "GET /lib.js HTTP/1.1" 200 43358 "http://localhost:8001/" "Mozilla/5.0 (X11; Linux x86_64) AppleWebKit/537.36 (KHTML, like Gecko) Chrome/67.0.3396.87 Safari/537.36"
::1 - - [04/Aug/2018:06:57:14 +0800] "GET /rts.js HTTP/1.1" 200 99958 "http://localhost:8001/" "Mozilla/5.0 (X11; Linux x86_64) AppleWebKit/537.36 (KHTML, like Gecko) Chrome/67.0.3396.87 Safari/537.36"
::1 - - [04/Aug/2018:06:57:15 +0800] "GET /out.js HTTP/1.1" 200 779745 "http://localhost:8001/" "Mozilla/5.0 (X11; Linux x86_64) AppleWebKit/537.36 (KHTML, like Gecko) Chrome/67.0.3396.87 Safari/537.36"
::1 - - [04/Aug/2018:06:57:17 +0800] "GET /favicon.ico HTTP/1.1" 404 209 "http://localhost:8001/" "Mozilla/5.0 (X11; Linux x86_64) AppleWebKit/537.36 (KHTML, like Gecko) Chrome/67.0.3396.87 Safari/537.36"
::1 - - [04/Aug/2018:06:57:21 +0800] "GET /getint HTTP/1.1" 200 35 "http://localhost:8001/" "Mozilla/5.0 (X11; Linux x86_64) AppleWebKit/537.36 (KHTML, like Gecko) Chrome/67.0.3396.87 Safari/537.36"
::1 - - [04/Aug/2018:06:57:22 +0800] "GET /getlist HTTP/1.1" 500 120 "http://localhost:8001/" "Mozilla/5.0 (X11; Linux x86_64) AppleWebKit/537.36 (KHTML, like Gecko) Chrome/67.0.3396.87 Safari/537.36"
::1 - - [04/Aug/2018:06:57:51 +0800] "GET /getlist HTTP/1.1" 500 120 - "Mozilla/5.0 (X11; Linux x86_64) AppleWebKit/537.36 (KHTML, like Gecko) Chrome/67.0.3396.87 Safari/537.36"
::1 - - [04/Aug/2018:07:09:19 +0800] "GET / HTTP/1.1" 304 0 - "Mozilla/5.0 (X11; Linux x86_64) AppleWebKit/537.36 (KHTML, like Gecko) Chrome/67.0.3396.87 Safari/537.36"
::1 - - [04/Aug/2018:07:09:19 +0800] "GET /rts.js HTTP/1.1" 304 0 "http://localhost:8001/" "Mozilla/5.0 (X11; Linux x86_64) AppleWebKit/537.36 (KHTML, like Gecko) Chrome/67.0.3396.87 Safari/537.36"
::1 - - [04/Aug/2018:07:09:19 +0800] "GET /lib.js HTTP/1.1" 304 0 "http://localhost:8001/" "Mozilla/5.0 (X11; Linux x86_64) AppleWebKit/537.36 (KHTML, like Gecko) Chrome/67.0.3396.87 Safari/537.36"
::1 - - [04/Aug/2018:07:09:19 +0800] "GET /out.js HTTP/1.1" 304 0 "http://localhost:8001/" "Mozilla/5.0 (X11; Linux x86_64) AppleWebKit/537.36 (KHTML, like Gecko) Chrome/67.0.3396.87 Safari/537.36"
::1 - - [04/Aug/2018:07:09:20 +0800] "GET /runmain.js HTTP/1.1" 304 0 "http://localhost:8001/" "Mozilla/5.0 (X11; Linux x86_64) AppleWebKit/537.36 (KHTML, like Gecko) Chrome/67.0.3396.87 Safari/537.36"
::1 - - [04/Aug/2018:07:09:23 +0800] "GET /favicon.ico HTTP/1.1" 404 209 "http://localhost:8001/" "Mozilla/5.0 (X11; Linux x86_64) AppleWebKit/537.36 (KHTML, like Gecko) Chrome/67.0.3396.87 Safari/537.36"
::1 - - [04/Aug/2018:07:09:27 +0800] "GET /getint HTTP/1.1" 200 35 "http://localhost:8001/" "Mozilla/5.0 (X11; Linux x86_64) AppleWebKit/537.36 (KHTML, like Gecko) Chrome/67.0.3396.87 Safari/537.36"
::1 - - [04/Aug/2018:07:09:28 +0800] "GET /getlist HTTP/1.1" 200 1151 "http://localhost:8001/" "Mozilla/5.0 (X11; Linux x86_64) AppleWebKit/537.36 (KHTML, like Gecko) Chrome/67.0.3396.87 Safari/537.36"
::1 - - [04/Aug/2018:07:09:36 +0800] "GET /getlocations HTTP/1.1" 200 1579 "http://localhost:8001/" "Mozilla/5.0 (X11; Linux x86_64) AppleWebKit/537.36 (KHTML, like Gecko) Chrome/67.0.3396.87 Safari/537.36"
::1 - - [22/Aug/2018:14:11:16 +0800] "GET /getint HTTP/1.1" 200 35 - "-"
::1 - - [22/Aug/2018:14:11:16 +0800] "GET /getlist HTTP/1.1" 200 1293 - "-"
::1 - - [29/Aug/2018:14:04:27 +0800] "GET /getEstimationList/0 HTTP/1.1" 200 29 - "curl/7.60.0"
::1 - - [29/Aug/2018:14:04:29 +0800] "GET /getEstimationList/1 HTTP/1.1" 200 29 - "curl/7.60.0"
::1 - - [29/Aug/2018:14:04:31 +0800] "GET /getEstimationList/2 HTTP/1.1" 200 29 - "curl/7.60.0"
::1 - - [29/Aug/2018:20:02:06 +0800] "GET /getEstimationList/0 HTTP/1.1" 200 143 - "curl/7.60.0"
::1 - - [29/Aug/2018:20:02:08 +0800] "GET /getEstimationList/1 HTTP/1.1" 200 143 - "curl/7.60.0"
::1 - - [29/Aug/2018:20:02:09 +0800] "GET /getEstimationList/2 HTTP/1.1" 200 143 - "curl/7.60.0"
::1 - - [29/Aug/2018:22:00:21 +0800] "GET / HTTP/1.1" 200 305 - "curl/7.60.0"
::1 - - [29/Aug/2018:22:00:57 +0800] "GET /getPlan HTTP/1.1" 404 205 - "curl/7.60.0"
::1 - - [29/Aug/2018:22:01:00 +0800] "GET /getPlan/ HTTP/1.1" 404 206 - "curl/7.60.0"
::1 - - [29/Aug/2018:22:01:24 +0800] "GET /getplan HTTP/1.1" 404 205 - "curl/7.60.0"
::1 - - [29/Aug/2018:22:01:29 +0800] "GET /getplan/ HTTP/1.1" 404 206 - "curl/7.60.0"
::1 - - [29/Aug/2018:22:02:41 +0800] "POST /getPlan HTTP/1.1" 404 205 - "curl/7.60.0"
::1 - - [29/Aug/2018:22:02:47 +0800] "POST /getplan HTTP/1.1" 400 5 - "curl/7.60.0"
::1 - - [29/Aug/2018:22:02:53 +0800] "POST /getPlan HTTP/1.1" 404 205 - "curl/7.60.0"
::1 - - [29/Aug/2018:22:02:57 +0800] "POST /getplan HTTP/1.1" 400 5 - "curl/7.60.0"
::1 - - [29/Aug/2018:22:03:29 +0800] "POST /getplan HTTP/1.1" 400 5 - "curl/7.60.0"
::1 - - [29/Aug/2018:22:03:54 +0800] "POST /getplan HTTP/1.1" 400 5 - "curl/7.60.0"
::1 - - [29/Aug/2018:22:04:37 +0800] "GET /getplan HTTP/1.1" 404 205 - "Mozilla/5.0 (X11; Linux x86_64; rv:59.0) Gecko/20100101 Firefox/59.0"
::1 - - [29/Aug/2018:22:04:40 +0800] "GET /favicon.ico HTTP/1.1" 404 209 - "Mozilla/5.0 (X11; Linux x86_64; rv:59.0) Gecko/20100101 Firefox/59.0"
::1 - - [29/Aug/2018:22:04:40 +0800] "GET /favicon.ico HTTP/1.1" 404 209 - "Mozilla/5.0 (X11; Linux x86_64; rv:59.0) Gecko/20100101 Firefox/59.0"
::1 - - [29/Aug/2018:22:04:58 +0800] "GET /getPlan HTTP/1.1" 404 205 - "Mozilla/5.0 (X11; Linux x86_64; rv:59.0) Gecko/20100101 Firefox/59.0"
::1 - - [29/Aug/2018:22:05:03 +0800] "GET /getplan HTTP/1.1" 404 205 - "Mozilla/5.0 (X11; Linux x86_64; rv:59.0) Gecko/20100101 Firefox/59.0"
::1 - - [29/Aug/2018:22:30:02 +0800] "POST /getplan HTTP/1.1" 404 205 - "curl/7.60.0"
::1 - - [29/Aug/2018:22:30:09 +0800] "POST /getPlan HTTP/1.1" 400 5 - "curl/7.60.0"
::1 - - [29/Aug/2018:22:30:15 +0800] "POST /getplans HTTP/1.1" 404 206 - "curl/7.60.0"
::1 - - [29/Aug/2018:22:49:15 +0800] "POST /getplans HTTP/1.1" 404 206 - "curl/7.60.0"
::1 - - [29/Aug/2018:22:49:21 +0800] "POST /getPlan HTTP/1.1" 400 5 - "curl/7.60.0"
::1 - - [29/Aug/2018:22:49:45 +0800] "GET /getPlan HTTP/1.1" 404 205 - "curl/7.60.0"
::1 - - [29/Aug/2018:22:49:58 +0800] "POST /getPlan HTTP/1.1" 400 5 - "curl/7.60.0"
::1 - - [30/Aug/2018:06:22:39 +0800] "POST /getPlan HTTP/1.1" 415 5 - "curl/7.60.0"
::1 - - [30/Aug/2018:06:22:55 +0800] "POST /getPlan HTTP/1.1" 400 5 - "curl/7.60.0"
::1 - - [30/Aug/2018:06:24:42 +0800] "POST /getPlan HTTP/1.1" 400 5 - "curl/7.60.0"
::1 - - [30/Aug/2018:06:24:51 +0800] "POST /getPlans HTTP/1.1" 404 206 - "curl/7.60.0"
::1 - - [30/Aug/2018:06:24:59 +0800] "POST /getPlan HTTP/1.1" 400 5 - "curl/7.60.0"
::1 - - [30/Aug/2018:06:25:03 +0800] "POST /getPlan HTTP/1.1" 400 5 - "curl/7.60.0"
::1 - - [30/Aug/2018:06:27:08 +0800] "POST /getPlan HTTP/1.1" 400 5 - "curl/7.60.0"
::1 - - [30/Aug/2018:06:27:35 +0800] "POST /getPlan HTTP/1.1" 400 5 - "curl/7.60.0"
::1 - - [30/Aug/2018:06:28:01 +0800] "POST /getPlan HTTP/1.1" 415 5 - "curl/7.60.0"
::1 - - [30/Aug/2018:06:29:18 +0800] "POST /getPlan HTTP/1.1" 400 5 - "curl/7.60.0"
::1 - - [30/Aug/2018:06:34:19 +0800] "POST /getPlan HTTP/1.1" 400 5 - "curl/7.60.0"
::1 - - [30/Aug/2018:06:34:34 +0800] "POST /getPlan HTTP/1.1" 400 5 - "curl/7.60.0"
::1 - - [30/Aug/2018:06:34:46 +0800] "POST /getPlan HTTP/1.1" 200 38 - "curl/7.60.0"
::1 - - [30/Aug/2018:06:35:19 +0800] "POST /getPlan HTTP/1.1" 200 38 - "curl/7.60.0"
::1 - - [30/Aug/2018:06:35:33 +0800] "POST /getPlan HTTP/1.1" 200 38 - "curl/7.60.0"
::1 - - [30/Aug/2018:07:04:43 +0800] "POST /getPlan HTTP/1.1" 400 5 - "curl/7.60.0"
::1 - - [30/Aug/2018:07:05:13 +0800] "POST /getPlan HTTP/1.1" 400 5 - "curl/7.60.0"
::1 - - [30/Aug/2018:07:05:37 +0800] "POST /getPlan HTTP/1.1" 200 155 - "curl/7.60.0"
::1 - - [30/Aug/2018:07:06:44 +0800] "POST /getPlan HTTP/1.1" 400 5 - "curl/7.60.0"
::1 - - [30/Aug/2018:07:07:01 +0800] "POST /getPlan HTTP/1.1" 200 206 - "curl/7.60.0"
::1 - - [30/Aug/2018:07:14:33 +0800] "POST /getPlan HTTP/1.1" 200 7665 - "curl/7.55.1"
::1 - - [30/Aug/2018:07:15:47 +0800] "POST /getPlan HTTP/1.1" 200 7665 - "curl/7.55.1"
::1 - - [30/Aug/2018:07:27:31 +0800] "GET /getEstimationList/0 HTTP/1.1" 200 143 - "curl/7.55.1"
::1 - - [30/Aug/2018:07:29:50 +0800] "POST /getPlan HTTP/1.1" 200 7665 - "curl/7.55.1"
::1 - - [30/Aug/2018:07:30:12 +0800] "POST /getPlan HTTP/1.1" 200 7665 - "curl/7.55.1"
