[04/Aug/2018:06:55:12 +0800] During processing of request from ::1:53060
request:
"GET /getlocations HTTP/1.1\naccept-language: en-US,en;q=0.9\naccept-encoding: gzip, deflate, br\nreferer: http://localhost:8001/\naccept: */*\nuser-agent: Mozilla/5.0 (X11; Linux x86_64) AppleWebKit/537.36 (KHTML, like Gecko) Chrome/67.0.3396.87 Safari/537.36\nconnection: keep-alive\nhost: localhost:8001\n\nsn=\"localhost:8001\" c=::1:53060 s=::1:8001 ctx=/ clen=n/a"
A web handler threw an exception. Details:
./data/locations_gps.csv: openBinaryFile: does not exist (No such file or directory)
[04/Aug/2018:06:55:21 +0800] During processing of request from ::1:53060
request:
"GET /getlist HTTP/1.1\naccept-language: en-US,en;q=0.9\naccept-encoding: gzip, deflate, br\nreferer: http://localhost:8001/\naccept: */*\nuser-agent: Mozilla/5.0 (X11; Linux x86_64) AppleWebKit/537.36 (KHTML, like Gecko) Chrome/67.0.3396.87 Safari/537.36\nconnection: keep-alive\nhost: localhost:8001\n\nsn=\"localhost:8001\" c=::1:53060 s=::1:8001 ctx=/ clen=n/a"
A web handler threw an exception. Details:
./data/people.csv: openBinaryFile: does not exist (No such file or directory)
[04/Aug/2018:06:55:29 +0800] During processing of request from ::1:53060
request:
"GET /getlist HTTP/1.1\norigin: http://evil.com/\naccept-language: en-US,en;q=0.9\naccept-encoding: gzip, deflate, br\nreferer: http://localhost:8001/\naccept: */*\nuser-agent: Mozilla/5.0 (X11; Linux x86_64) AppleWebKit/537.36 (KHTML, like Gecko) Chrome/67.0.3396.87 Safari/537.36\nconnection: keep-alive\nhost: localhost:8001\n\nsn=\"localhost:8001\" c=::1:53060 s=::1:8001 ctx=/ clen=n/a"
A web handler threw an exception. Details:
./data/people.csv: openBinaryFile: does not exist (No such file or directory)
[04/Aug/2018:06:55:37 +0800] During processing of request from ::1:53060
request:
"GET /getdistricts HTTP/1.1\norigin: http://evil.com/\naccept-language: en-US,en;q=0.9\naccept-encoding: gzip, deflate, br\nreferer: http://localhost:8001/\naccept: */*\nuser-agent: Mozilla/5.0 (X11; Linux x86_64) AppleWebKit/537.36 (KHTML, like Gecko) Chrome/67.0.3396.87 Safari/537.36\nconnection: keep-alive\nhost: localhost:8001\n\nsn=\"localhost:8001\" c=::1:53060 s=::1:8001 ctx=/ clen=n/a"
A web handler threw an exception. Details:
./data/district.csv: openBinaryFile: does not exist (No such file or directory)
[04/Aug/2018:06:55:45 +0800] During processing of request from ::1:53060
request:
"GET /getlist HTTP/1.1\norigin: http://evil.com/\naccept-language: en-US,en;q=0.9\naccept-encoding: gzip, deflate, br\nreferer: http://localhost:8001/\naccept: */*\nuser-agent: Mozilla/5.0 (X11; Linux x86_64) AppleWebKit/537.36 (KHTML, like Gecko) Chrome/67.0.3396.87 Safari/537.36\nconnection: keep-alive\nhost: localhost:8001\n\nsn=\"localhost:8001\" c=::1:53060 s=::1:8001 ctx=/ clen=n/a"
A web handler threw an exception. Details:
./data/people.csv: openBinaryFile: does not exist (No such file or directory)
[04/Aug/2018:06:55:46 +0800] During processing of request from ::1:53060
request:
"GET /getdistricts HTTP/1.1\norigin: http://evil.com/\naccept-language: en-US,en;q=0.9\naccept-encoding: gzip, deflate, br\nreferer: http://localhost:8001/\naccept: */*\nuser-agent: Mozilla/5.0 (X11; Linux x86_64) AppleWebKit/537.36 (KHTML, like Gecko) Chrome/67.0.3396.87 Safari/537.36\nconnection: keep-alive\nhost: localhost:8001\n\nsn=\"localhost:8001\" c=::1:53060 s=::1:8001 ctx=/ clen=n/a"
A web handler threw an exception. Details:
./data/district.csv: openBinaryFile: does not exist (No such file or directory)
[04/Aug/2018:06:55:46 +0800] During processing of request from ::1:53060
request:
"GET /getlocations HTTP/1.1\norigin: http://evil.com/\naccept-language: en-US,en;q=0.9\naccept-encoding: gzip, deflate, br\nreferer: http://localhost:8001/\naccept: */*\nuser-agent: Mozilla/5.0 (X11; Linux x86_64) AppleWebKit/537.36 (KHTML, like Gecko) Chrome/67.0.3396.87 Safari/537.36\nconnection: keep-alive\nhost: localhost:8001\n\nsn=\"localhost:8001\" c=::1:53060 s=::1:8001 ctx=/ clen=n/a"
A web handler threw an exception. Details:
./data/locations_gps.csv: openBinaryFile: does not exist (No such file or directory)
[04/Aug/2018:06:55:47 +0800] During processing of request from ::1:53060
request:
"GET /getlocations HTTP/1.1\norigin: http://evil.com/\naccept-language: en-US,en;q=0.9\naccept-encoding: gzip, deflate, br\nreferer: http://localhost:8001/\naccept: */*\nuser-agent: Mozilla/5.0 (X11; Linux x86_64) AppleWebKit/537.36 (KHTML, like Gecko) Chrome/67.0.3396.87 Safari/537.36\nconnection: keep-alive\nhost: localhost:8001\n\nsn=\"localhost:8001\" c=::1:53060 s=::1:8001 ctx=/ clen=n/a"
A web handler threw an exception. Details:
./data/locations_gps.csv: openBinaryFile: does not exist (No such file or directory)
[04/Aug/2018:06:57:22 +0800] During processing of request from ::1:53078
request:
"GET /getlist HTTP/1.1\norigin: http://evil.com/\naccept-language: en-US,en;q=0.9\naccept-encoding: gzip, deflate, br\nreferer: http://localhost:8001/\naccept: */*\nuser-agent: Mozilla/5.0 (X11; Linux x86_64) AppleWebKit/537.36 (KHTML, like Gecko) Chrome/67.0.3396.87 Safari/537.36\nconnection: keep-alive\nhost: localhost:8001\n\nsn=\"localhost:8001\" c=::1:53078 s=::1:8001 ctx=/ clen=n/a"
A web handler threw an exception. Details:
./data/people.csv: openBinaryFile: does not exist (No such file or directory)
[04/Aug/2018:06:57:51 +0800] During processing of request from ::1:53078
request:
"GET /getlist HTTP/1.1\norigin: http://evil.com/\naccept-language: en-US,en;q=0.9\naccept-encoding: gzip, deflate, br\naccept: text/html,application/xhtml+xml,application/xml;q=0.9,image/webp,image/apng,*/*;q=0.8\nuser-agent: Mozilla/5.0 (X11; Linux x86_64) AppleWebKit/537.36 (KHTML, like Gecko) Chrome/67.0.3396.87 Safari/537.36\nupgrade-insecure-requests: 1\nconnection: keep-alive\nhost: localhost:8001\n\nsn=\"localhost:8001\" c=::1:53078 s=::1:8001 ctx=/ clen=n/a"
A web handler threw an exception. Details:
./data/people.csv: openBinaryFile: does not exist (No such file or directory)
